<?xml version="1.0" encoding="UTF-8"?>
<testng-results skipped="0" failed="0" ignored="0" total="1" passed="1">
  <reporter-output>
  </reporter-output>
  <suite name="Default suite" duration-ms="21727" started-at="2020-04-30T07:24:07Z" finished-at="2020-04-30T07:24:29Z">
    <groups>
    </groups>
    <test name="Default test" duration-ms="21727" started-at="2020-04-30T07:24:07Z" finished-at="2020-04-30T07:24:29Z">
      <class name="tutorialselenium.TestNG_TestCase">
        <test-method status="PASS" signature="beforeMethod()[pri:0, instance:tutorialselenium.TestNG_TestCase@5622fdf]" name="beforeMethod" is-config="true" duration-ms="6859" started-at="2020-04-30T12:54:07Z" finished-at="2020-04-30T12:54:14Z">
          <reporter-output>
          </reporter-output>
        </test-method> <!-- beforeMethod -->
        <test-method status="PASS" signature="testMethod()[pri:0, instance:tutorialselenium.TestNG_TestCase@5622fdf]" name="testMethod" duration-ms="14776" started-at="2020-04-30T12:54:14Z" finished-at="2020-04-30T12:54:29Z">
          <reporter-output>
          </reporter-output>
        </test-method> <!-- testMethod -->
        <test-method status="PASS" signature="afterMethod()[pri:0, instance:tutorialselenium.TestNG_TestCase@5622fdf]" name="afterMethod" is-config="true" duration-ms="0" started-at="2020-04-30T12:54:29Z" finished-at="2020-04-30T12:54:29Z">
          <reporter-output>
          </reporter-output>
        </test-method> <!-- afterMethod -->
      </class> <!-- tutorialselenium.TestNG_TestCase -->
    </test> <!-- Default test -->
  </suite> <!-- Default suite -->
</testng-results>
