<?xml version="1.0" encoding="UTF-8"?>
<testng-results skipped="0" failed="0" ignored="0" total="1" passed="1">
  <reporter-output>
  </reporter-output>
  <suite name="Default suite" duration-ms="5336" started-at="2020-04-17T10:53:27Z" finished-at="2020-04-17T10:53:32Z">
    <groups>
    </groups>
    <test name="Default test" duration-ms="5336" started-at="2020-04-17T10:53:27Z" finished-at="2020-04-17T10:53:32Z">
      <class name="systeminteraction.WindowsAuthentication">
        <test-method status="PASS" signature="beforeClass()[pri:0, instance:systeminteraction.WindowsAuthentication@7c16905e]" name="beforeClass" is-config="true" duration-ms="4965" started-at="2020-04-17T16:23:27Z" finished-at="2020-04-17T16:23:32Z">
          <reporter-output>
          </reporter-output>
        </test-method> <!-- beforeClass -->
        <test-method status="PASS" signature="handleAuthenticationon()[pri:0, instance:systeminteraction.WindowsAuthentication@7c16905e]" name="handleAuthenticationon" duration-ms="345" started-at="2020-04-17T16:23:32Z" finished-at="2020-04-17T16:23:32Z">
          <reporter-output>
          </reporter-output>
        </test-method> <!-- handleAuthenticationon -->
        <test-method status="PASS" signature="afterClass()[pri:0, instance:systeminteraction.WindowsAuthentication@7c16905e]" name="afterClass" is-config="true" duration-ms="0" started-at="2020-04-17T16:23:32Z" finished-at="2020-04-17T16:23:32Z">
          <reporter-output>
          </reporter-output>
        </test-method> <!-- afterClass -->
      </class> <!-- systeminteraction.WindowsAuthentication -->
    </test> <!-- Default test -->
  </suite> <!-- Default suite -->
</testng-results>
