<?xml version="1.0" encoding="UTF-8"?>
<!-- Generated by org.testng.reporters.JUnitXMLReporter -->
<testsuite hostname="DESKTOP-4KT847Q" ignored="0" name="Default test" tests="4" failures="0" timestamp="22 Apr 2020 18:03:22 GMT" time="0.08" errors="0">
  <testcase name="testAudiA6" time="0.007" classname="com.expedia.flightsbooking.testng_grouping"/>
  <testcase name="testBMWX6" time="0.003" classname="com.expedia.flightsbooking.testng_grouping"/>
  <testcase name="testHondaCBR" time="0.002" classname="com.expedia.flightsbooking.testng_grouping"/>
  <testcase name="testNinja" time="0.002" classname="com.expedia.flightsbooking.testng_grouping"/>
</testsuite> <!-- Default test -->
