<?xml version="1.0" encoding="UTF-8"?>
<!-- Generated by org.testng.reporters.JUnitXMLReporter -->
<testsuite hostname="DESKTOP-4KT847Q" ignored="2" name="Application Test" tests="4" failures="0" timestamp="13 Apr 2020 17:40:03 GMT" time="0.072" errors="0">
  <testcase name="testMethod1" time="0.009" classname="regressionsuite.testng_testclass1"/>
  <testcase name="testMethod2" time="0.003" classname="regressionsuite.testng_testclass1"/>
  <testcase name="testMethod1" time="0.003" classname="regressionsuite.testng_testclass2"/>
  <testcase name="testMethod2" time="0.003" classname="regressionsuite.testng_testclass2"/>
  <testcase name="@AfterSuite afterSuite" time="0.0" classname="base.basetestsuite">
    <ignored/>
  </testcase> <!-- @AfterSuite afterSuite -->
  <testcase name="@BeforeSuite beforeSuite" time="0.0" classname="base.basetestsuite">
    <ignored/>
  </testcase> <!-- @BeforeSuite beforeSuite -->
</testsuite> <!-- Application Test -->
