<?xml version="1.0" encoding="UTF-8"?>
<!-- Generated by org.testng.reporters.JUnitXMLReporter -->
<testsuite hostname="DESKTOP-4KT847Q" ignored="0" name="GroupsDemo" tests="4" failures="0" timestamp="15 Apr 2020 09:50:05 GMT" time="0.081" errors="0">
  <testcase name="testAudiA6" time="0.012" classname="testclasses.testng_grouping"/>
  <testcase name="testBMWX6" time="0.003" classname="testclasses.testng_grouping"/>
  <testcase name="testHondaCBR" time="0.003" classname="testclasses.testng_grouping"/>
  <testcase name="testNinja" time="0.003" classname="testclasses.testng_grouping"/>
</testsuite> <!-- GroupsDemo -->
