<?xml version="1.0" encoding="UTF-8"?>
<!-- Generated by org.testng.reporters.JUnitXMLReporter -->
<testsuite hostname="DESKTOP-4KT847Q" ignored="4" tests="0" failures="0" timestamp="28 Apr 2020 14:16:35 GMT" time="0.006" errors="0">
  <testcase name="testNinja" time="0.0" classname="com.expedia.flightsbooking.testng_grouping">
    <ignored/>
  </testcase> <!-- testNinja -->
  <testcase name="testAudiA6" time="0.0" classname="com.expedia.flightsbooking.testng_grouping">
    <ignored/>
  </testcase> <!-- testAudiA6 -->
  <testcase name="testHondaCBR" time="0.0" classname="com.expedia.flightsbooking.testng_grouping">
    <ignored/>
  </testcase> <!-- testHondaCBR -->
  <testcase name="testBMWX6" time="0.0" classname="com.expedia.flightsbooking.testng_grouping">
    <ignored/>
  </testcase> <!-- testBMWX6 -->
</testsuite>
