<?xml version="1.0" encoding="UTF-8"?>
<!-- Generated by org.testng.reporters.JUnitXMLReporter -->
<testsuite hostname="DESKTOP-4KT847Q" ignored="0" name="Test 2" tests="4" failures="0" timestamp="14 Apr 2020 09:37:30 GMT" time="0.033" errors="0">
  <testcase name="testMethod1" time="0.002" classname="testclasses.testng_preserve2"/>
  <testcase name="testMethod2" time="0.002" classname="testclasses.testng_preserve2"/>
  <testcase name="testMethod1" time="0.002" classname="testclasses.testng_preserve1"/>
  <testcase name="testMethod2" time="0.002" classname="testclasses.testng_preserve1"/>
</testsuite> <!-- Test 2 -->
