<?xml version="1.0" encoding="UTF-8"?>
<testng-results skipped="0" failed="0" ignored="0" total="4" passed="4">
  <reporter-output>
  </reporter-output>
  <suite name="Default suite" duration-ms="80" started-at="2020-04-22T18:03:22Z" finished-at="2020-04-22T18:03:22Z">
    <groups>
      <group name="cars">
        <method signature="testng_grouping.testAudiA6()[pri:0, instance:com.expedia.flightsbooking.testng_grouping@9629756]" name="testAudiA6" class="com.expedia.flightsbooking.testng_grouping"/>
        <method signature="testng_grouping.testBMWX6()[pri:0, instance:com.expedia.flightsbooking.testng_grouping@9629756]" name="testBMWX6" class="com.expedia.flightsbooking.testng_grouping"/>
      </group> <!-- cars -->
      <group name="bikes">
        <method signature="testng_grouping.testHondaCBR()[pri:0, instance:com.expedia.flightsbooking.testng_grouping@9629756]" name="testHondaCBR" class="com.expedia.flightsbooking.testng_grouping"/>
        <method signature="testng_grouping.testNinja()[pri:0, instance:com.expedia.flightsbooking.testng_grouping@9629756]" name="testNinja" class="com.expedia.flightsbooking.testng_grouping"/>
      </group> <!-- bikes -->
      <group name="suv">
        <method signature="testng_grouping.testBMWX6()[pri:0, instance:com.expedia.flightsbooking.testng_grouping@9629756]" name="testBMWX6" class="com.expedia.flightsbooking.testng_grouping"/>
      </group> <!-- suv -->
      <group name="sedan">
        <method signature="testng_grouping.testAudiA6()[pri:0, instance:com.expedia.flightsbooking.testng_grouping@9629756]" name="testAudiA6" class="com.expedia.flightsbooking.testng_grouping"/>
      </group> <!-- sedan -->
    </groups>
    <test name="Default test" duration-ms="80" started-at="2020-04-22T18:03:22Z" finished-at="2020-04-22T18:03:22Z">
      <class name="com.expedia.flightsbooking.testng_grouping">
        <test-method status="PASS" signature="beforeClass()[pri:0, instance:com.expedia.flightsbooking.testng_grouping@9629756]" name="beforeClass" is-config="true" duration-ms="14" started-at="2020-04-22T23:33:22Z" finished-at="2020-04-22T23:33:22Z">
          <reporter-output>
          </reporter-output>
        </test-method> <!-- beforeClass -->
        <test-method status="PASS" signature="testAudiA6()[pri:0, instance:com.expedia.flightsbooking.testng_grouping@9629756]" name="testAudiA6" duration-ms="7" started-at="2020-04-22T23:33:22Z" finished-at="2020-04-22T23:33:22Z">
          <reporter-output>
          </reporter-output>
        </test-method> <!-- testAudiA6 -->
        <test-method status="PASS" signature="testBMWX6()[pri:0, instance:com.expedia.flightsbooking.testng_grouping@9629756]" name="testBMWX6" duration-ms="3" started-at="2020-04-22T23:33:22Z" finished-at="2020-04-22T23:33:22Z">
          <reporter-output>
          </reporter-output>
        </test-method> <!-- testBMWX6 -->
        <test-method status="PASS" signature="testHondaCBR()[pri:0, instance:com.expedia.flightsbooking.testng_grouping@9629756]" name="testHondaCBR" duration-ms="2" started-at="2020-04-22T23:33:22Z" finished-at="2020-04-22T23:33:22Z">
          <reporter-output>
          </reporter-output>
        </test-method> <!-- testHondaCBR -->
        <test-method status="PASS" signature="testNinja()[pri:0, instance:com.expedia.flightsbooking.testng_grouping@9629756]" name="testNinja" duration-ms="2" started-at="2020-04-22T23:33:22Z" finished-at="2020-04-22T23:33:22Z">
          <reporter-output>
          </reporter-output>
        </test-method> <!-- testNinja -->
        <test-method status="PASS" signature="afterClass()[pri:0, instance:com.expedia.flightsbooking.testng_grouping@9629756]" name="afterClass" is-config="true" duration-ms="0" started-at="2020-04-22T23:33:22Z" finished-at="2020-04-22T23:33:22Z">
          <reporter-output>
          </reporter-output>
        </test-method> <!-- afterClass -->
      </class> <!-- com.expedia.flightsbooking.testng_grouping -->
    </test> <!-- Default test -->
  </suite> <!-- Default suite -->
</testng-results>
