<?xml version="1.0" encoding="UTF-8"?>
<testng-results skipped="0" failed="0" ignored="0" total="1" passed="1">
  <reporter-output>
  </reporter-output>
  <suite name="Regression TestSuite" duration-ms="33698" started-at="2020-04-28T14:45:43Z" finished-at="2020-04-28T14:46:16Z">
    <groups>
    </groups>
    <test name="Chrome Test" duration-ms="33698" started-at="2020-04-28T14:45:43Z" finished-at="2020-04-28T14:46:16Z">
      <class name="com.expedia.flightsbooking.TestNG_TestSuite">
        <test-method status="PASS" signature="beforeClass()[pri:0, instance:com.expedia.flightsbooking.TestNG_TestSuite@dd3b207]" name="beforeClass" is-config="true" duration-ms="15163" started-at="2020-04-28T20:15:43Z" finished-at="2020-04-28T20:15:58Z">
          <reporter-output>
          </reporter-output>
        </test-method> <!-- beforeClass -->
        <test-method status="PASS" signature="fillBasicInfo()[pri:0, instance:com.expedia.flightsbooking.TestNG_TestSuite@dd3b207]" name="fillBasicInfo" duration-ms="17184" started-at="2020-04-28T20:15:58Z" finished-at="2020-04-28T20:16:15Z">
          <reporter-output>
          </reporter-output>
        </test-method> <!-- fillBasicInfo -->
        <test-method status="PASS" signature="afterClass()[pri:0, instance:com.expedia.flightsbooking.TestNG_TestSuite@dd3b207]" name="afterClass" is-config="true" duration-ms="1213" started-at="2020-04-28T20:16:15Z" finished-at="2020-04-28T20:16:16Z">
          <reporter-output>
          </reporter-output>
        </test-method> <!-- afterClass -->
      </class> <!-- com.expedia.flightsbooking.TestNG_TestSuite -->
    </test> <!-- Chrome Test -->
  </suite> <!-- Regression TestSuite -->
</testng-results>
