<?xml version="1.0" encoding="UTF-8"?>
<!-- Generated by org.testng.reporters.JUnitXMLReporter -->
<testsuite hostname="DESKTOP-4KT847Q" ignored="0" name="Chrome Test" tests="1" failures="0" timestamp="14 Apr 2020 11:20:30 GMT" time="0.078" errors="0">
  <testcase name="@BeforeClass setUp" time="0.013" classname="testclasses.testng_parallelparametersexample">
    <failure type="java.lang.Error" message="Unresolved compilation problem: 
	FirefoxDriver cannot be resolved to a type
">
      <![CDATA[java.lang.Error: Unresolved compilation problem: 
	FirefoxDriver cannot be resolved to a type

	at testclasses.testng_parallelparametersexample.setUp(testng_parallelparametersexample.java:27)
	at java.util.concurrent.FutureTask.run(Unknown Source)
	at java.util.concurrent.ThreadPoolExecutor.runWorker(Unknown Source)
	at java.util.concurrent.ThreadPoolExecutor$Worker.run(Unknown Source)
	at java.lang.Thread.run(Unknown Source)
... Removed 16 stack frames]]>
    </failure>
  </testcase> <!-- @BeforeClass setUp -->
  <testcase name="@AfterClass cleanUp" time="0.0" classname="testclasses.testng_parallelparametersexample">
    <skipped/>
  </testcase> <!-- @AfterClass cleanUp -->
  <testcase name="testLogin" time="0.0" classname="testclasses.testng_parallelparametersexample">
    <skipped/>
  </testcase> <!-- testLogin -->
</testsuite> <!-- Chrome Test -->
